2021-10-22 10:07:00,435 [INFO ] TM - VacPlace
2021-10-22 10:07:01,190 [INFO ] TM - FillChamber
2021-10-22 10:07:01,445 [INFO ] TM - VacPick
2021-10-22 10:07:02,199 [INFO ] TM - VacPlace
2021-10-22 10:07:02,951 [INFO ] TM - FillChamber
2021-10-22 10:07:03,205 [INFO ] TM - VacPick
2021-10-22 10:07:03,959 [INFO ] TM - VacPlace
2021-10-22 10:07:04,035 [INFO ] TM - Pump
2021-10-22 10:07:04,711 [INFO ] TM - FillChamber
2021-10-22 10:07:04,988 [INFO ] TM - VacPick
2021-10-22 10:07:05,741 [INFO ] TM - VacPlace
2021-10-22 10:07:06,494 [INFO ] TM - FillChamber
2021-10-22 10:07:06,755 [INFO ] TM - VacPick
2021-10-22 10:07:07,515 [INFO ] TM - VacPlace
2021-10-22 10:07:08,267 [INFO ] TM - FillChamber
2021-10-22 10:07:08,521 [INFO ] TM - VacPick
2021-10-22 10:07:09,275 [INFO ] TM - VacPlace
2021-10-22 10:07:10,028 [INFO ] TM - FillChamber
2021-10-22 10:07:21,835 [INFO ] TM - Pump
2021-10-22 10:07:22,088 [INFO ] TM - VacPick
2021-10-22 10:07:22,845 [INFO ] TM - VacPlace
2021-10-22 10:07:23,598 [INFO ] TM - FillChamber
2021-10-22 10:07:23,855 [INFO ] TM - VacPick
2021-10-22 10:07:24,611 [INFO ] TM - VacPlace
2021-10-22 10:07:25,364 [INFO ] TM - FillChamber
2021-10-22 10:07:25,620 [INFO ] TM - VacPick
2021-10-22 10:07:26,374 [INFO ] TM - VacPlace
2021-10-22 10:07:27,126 [INFO ] TM - FillChamber
2021-10-22 10:07:31,972 [INFO ] TM - Pump
2021-10-22 10:07:38,160 [INFO ] TM - PickPMtoVAC
2021-10-22 10:07:38,913 [INFO ] TM - PlaceVACtoLL
2021-10-22 10:07:39,666 [INFO ] TM - PickPMtoVAC
2021-10-22 10:07:40,422 [INFO ] TM - PlaceVACtoLL
2021-10-22 10:07:41,176 [INFO ] TM - PickPMtoVAC
2021-10-22 10:07:41,929 [INFO ] TM - PlaceVACtoLL
2021-10-22 10:07:41,941 [INFO ] TM - Vent
2021-10-22 10:07:42,681 [INFO ] TM - PickPMtoVAC
2021-10-22 10:07:43,435 [INFO ] TM - PlaceVACtoLL
2021-10-22 10:07:44,189 [INFO ] TM - PickPMtoVAC
2021-10-22 10:07:44,944 [INFO ] TM - PlaceVACtoLL
2021-10-22 10:07:45,697 [INFO ] TM - PickPMtoVAC
2021-10-22 10:07:46,451 [INFO ] TM - PlaceVACtoLL
2021-10-22 10:07:46,467 [INFO ] TM - Vent
2021-10-22 10:07:47,205 [INFO ] TM - PickPMtoVAC
2021-10-22 10:07:47,958 [INFO ] TM - PlaceVACtoLL
2021-10-22 10:07:48,711 [INFO ] TM - PickPMtoVAC
2021-10-22 10:07:49,464 [INFO ] TM - PlaceVACtoLL
2021-10-22 10:07:50,218 [INFO ] TM - PickPMtoVAC
2021-10-22 10:07:50,971 [INFO ] TM - PlaceVACtoLL
2021-10-22 10:07:50,993 [INFO ] TM - Vent
2021-10-22 10:07:51,994 [INFO ] TM - VacPick
2021-10-22 10:07:52,748 [INFO ] TM - VacPlace
2021-10-22 10:07:53,503 [INFO ] TM - FillChamber
2021-10-22 10:07:53,759 [INFO ] TM - VacPick
2021-10-22 10:07:54,512 [INFO ] TM - VacPlace
2021-10-22 10:07:55,264 [INFO ] TM - FillChamber
2021-10-22 10:07:55,524 [INFO ] TM - VacPick
2021-10-22 10:07:56,276 [INFO ] TM - VacPlace
2021-10-22 10:07:56,406 [INFO ] TM - Pump
2021-10-22 10:07:57,028 [INFO ] TM - FillChamber
2021-10-22 10:07:57,314 [INFO ] TM - VacPick
2021-10-22 10:07:58,067 [INFO ] TM - VacPlace
2021-10-22 10:07:58,823 [INFO ] TM - FillChamber
2021-10-22 10:07:59,078 [INFO ] TM - VacPick
2021-10-22 10:07:59,831 [INFO ] TM - VacPlace
