2021-10-15 10:40:00,244 [INFO ] TM - VacPick
2021-10-15 10:40:01,012 [INFO ] TM - VacPlace
2021-10-15 10:40:01,770 [INFO ] TM - FillChamber
2021-10-15 10:40:08,430 [INFO ] TM - Pump
2021-10-15 10:40:08,682 [INFO ] TM - VacPick
2021-10-15 10:40:09,454 [INFO ] TM - VacPlace
2021-10-15 10:40:10,207 [INFO ] TM - FillChamber
2021-10-15 10:40:10,463 [INFO ] TM - VacPick
2021-10-15 10:40:11,220 [INFO ] TM - VacPlace
2021-10-15 10:40:11,974 [INFO ] TM - FillChamber
2021-10-15 10:40:12,229 [INFO ] TM - VacPick
2021-10-15 10:40:12,982 [INFO ] TM - VacPlace
2021-10-15 10:40:13,740 [INFO ] TM - FillChamber
2021-10-15 10:40:20,516 [INFO ] TM - Pump
2021-10-15 10:40:20,781 [INFO ] TM - VacPick
2021-10-15 10:40:21,538 [INFO ] TM - VacPlace
2021-10-15 10:40:22,292 [INFO ] TM - FillChamber
2021-10-15 10:40:22,551 [INFO ] TM - VacPick
2021-10-15 10:40:23,321 [INFO ] TM - VacPlace
2021-10-15 10:40:24,076 [INFO ] TM - FillChamber
2021-10-15 10:40:24,342 [INFO ] TM - VacPick
2021-10-15 10:40:25,127 [INFO ] TM - VacPlace
2021-10-15 10:40:25,887 [INFO ] TM - FillChamber
2021-10-15 10:40:32,708 [INFO ] TM - Pump
2021-10-15 10:40:37,215 [INFO ] TM - PickPMtoVAC
2021-10-15 10:40:37,974 [INFO ] TM - PlaceVACtoLL
2021-10-15 10:40:38,727 [INFO ] TM - PickPMtoVAC
2021-10-15 10:40:39,482 [INFO ] TM - PlaceVACtoLL
2021-10-15 10:40:40,235 [INFO ] TM - PickPMtoVAC
2021-10-15 10:40:40,998 [INFO ] TM - PlaceVACtoLL
2021-10-15 10:40:41,029 [INFO ] TM - Vent
2021-10-15 10:40:41,752 [INFO ] TM - PickPMtoVAC
2021-10-15 10:40:42,508 [INFO ] TM - PlaceVACtoLL
2021-10-15 10:40:43,262 [INFO ] TM - PickPMtoVAC
2021-10-15 10:40:44,020 [INFO ] TM - PlaceVACtoLL
2021-10-15 10:40:44,787 [INFO ] TM - PickPMtoVAC
2021-10-15 10:40:45,549 [INFO ] TM - PlaceVACtoLL
2021-10-15 10:40:45,553 [INFO ] TM - Vent
2021-10-15 10:40:46,303 [INFO ] TM - PickPMtoVAC
2021-10-15 10:40:47,086 [INFO ] TM - PlaceVACtoLL
2021-10-15 10:40:47,840 [INFO ] TM - PickPMtoVAC
2021-10-15 10:40:48,594 [INFO ] TM - PlaceVACtoLL
2021-10-15 10:40:49,350 [INFO ] TM - PickPMtoVAC
2021-10-15 10:40:50,105 [INFO ] TM - PlaceVACtoLL
2021-10-15 10:40:50,124 [INFO ] TM - Vent
2021-10-15 10:40:51,132 [INFO ] TM - VacPick
2021-10-15 10:40:51,891 [INFO ] TM - VacPlace
2021-10-15 10:40:52,645 [INFO ] TM - FillChamber
2021-10-15 10:40:52,907 [INFO ] TM - VacPick
2021-10-15 10:40:53,673 [INFO ] TM - VacPlace
2021-10-15 10:40:54,426 [INFO ] TM - FillChamber
2021-10-15 10:40:54,679 [INFO ] TM - VacPick
2021-10-15 10:40:55,435 [INFO ] TM - VacPlace
2021-10-15 10:40:56,200 [INFO ] TM - FillChamber
2021-10-15 10:40:57,191 [INFO ] TM - Pump
2021-10-15 10:40:57,459 [INFO ] TM - VacPick
2021-10-15 10:40:58,248 [INFO ] TM - VacPlace
2021-10-15 10:40:58,999 [INFO ] TM - FillChamber
2021-10-15 10:40:59,277 [INFO ] TM - VacPick
