2021-10-22 10:01:08,886 [INFO ] TM - Vent
2021-10-22 10:01:09,082 [INFO ] TM - PickPMtoVAC
2021-10-22 10:01:26,824 [INFO ] TM - PlaceVACtoLL
2021-10-22 10:01:27,577 [INFO ] TM - PickPMtoVAC
2021-10-22 10:01:29,316 [INFO ] TM - PlaceVACtoLL
2021-10-22 10:01:30,935 [INFO ] TM - PickPMtoVAC
2021-10-22 10:01:31,900 [INFO ] TM - Pump
2021-10-22 10:01:32,056 [INFO ] TM - PlaceVACtoLL
2021-10-22 10:01:33,083 [INFO ] TM - Vent
2021-10-22 10:01:33,580 [INFO ] TM - PickPMtoVAC
2021-10-22 10:01:34,333 [INFO ] TM - PlaceVACtoLL
2021-10-22 10:01:35,085 [INFO ] TM - PickPMtoVAC
2021-10-22 10:01:35,842 [INFO ] TM - PlaceVACtoLL
2021-10-22 10:01:36,595 [INFO ] TM - PickPMtoVAC
2021-10-22 10:01:37,347 [INFO ] TM - PlaceVACtoLL
2021-10-22 10:01:39,145 [INFO ] TM - Vent
2021-10-22 10:01:39,931 [INFO ] TM - VacPick
2021-10-22 10:01:40,683 [INFO ] TM - VacPlace
2021-10-22 10:01:41,436 [INFO ] TM - FillChamber
2021-10-22 10:01:41,693 [INFO ] TM - VacPick
2021-10-22 10:01:42,448 [INFO ] TM - VacPlace
2021-10-22 10:01:43,202 [INFO ] TM - FillChamber
2021-10-22 10:01:43,459 [INFO ] TM - VacPick
2021-10-22 10:01:44,211 [INFO ] TM - VacPlace
2021-10-22 10:01:44,963 [INFO ] TM - FillChamber
2021-10-22 10:01:45,239 [INFO ] TM - VacPick
2021-10-22 10:01:45,993 [INFO ] TM - VacPlace
2021-10-22 10:01:46,747 [INFO ] TM - FillChamber
2021-10-22 10:01:47,003 [INFO ] TM - VacPick
2021-10-22 10:01:47,311 [INFO ] TM - Pump
2021-10-22 10:01:47,758 [INFO ] TM - VacPlace
2021-10-22 10:01:48,512 [INFO ] TM - FillChamber
2021-10-22 10:01:48,773 [INFO ] TM - VacPick
2021-10-22 10:01:49,528 [INFO ] TM - VacPlace
2021-10-22 10:01:50,282 [INFO ] TM - FillChamber
2021-10-22 10:01:50,569 [INFO ] TM - VacPick
2021-10-22 10:01:51,329 [INFO ] TM - VacPlace
2021-10-22 10:01:52,082 [INFO ] TM - FillChamber
2021-10-22 10:01:52,338 [INFO ] TM - VacPick
2021-10-22 10:01:53,096 [INFO ] TM - VacPlace
2021-10-22 10:01:53,855 [INFO ] TM - FillChamber
2021-10-22 10:01:54,112 [INFO ] TM - VacPick
2021-10-22 10:01:54,867 [INFO ] TM - VacPlace
2021-10-22 10:01:55,619 [INFO ] TM - FillChamber
