2021-10-22 10:06:05,304 [INFO ] TM - Pump
2021-10-22 10:06:05,553 [INFO ] TM - VacPick
2021-10-22 10:06:06,307 [INFO ] TM - VacPlace
2021-10-22 10:06:07,059 [INFO ] TM - FillChamber
2021-10-22 10:06:07,314 [INFO ] TM - VacPick
2021-10-22 10:06:08,067 [INFO ] TM - VacPlace
2021-10-22 10:06:08,829 [INFO ] TM - FillChamber
2021-10-22 10:06:09,089 [INFO ] TM - VacPick
2021-10-22 10:06:09,843 [INFO ] TM - VacPlace
2021-10-22 10:06:10,597 [INFO ] TM - FillChamber
2021-10-22 10:06:17,224 [INFO ] TM - Pump
2021-10-22 10:06:17,481 [INFO ] TM - VacPick
2021-10-22 10:06:18,237 [INFO ] TM - VacPlace
2021-10-22 10:06:18,993 [INFO ] TM - FillChamber
2021-10-22 10:06:19,248 [INFO ] TM - VacPick
2021-10-22 10:06:20,003 [INFO ] TM - VacPlace
2021-10-22 10:06:20,757 [INFO ] TM - FillChamber
2021-10-22 10:06:21,013 [INFO ] TM - VacPick
2021-10-22 10:06:21,769 [INFO ] TM - VacPlace
2021-10-22 10:06:22,521 [INFO ] TM - FillChamber
2021-10-22 10:06:29,181 [INFO ] TM - Pump
2021-10-22 10:06:29,434 [INFO ] TM - VacPick
2021-10-22 10:06:30,190 [INFO ] TM - VacPlace
2021-10-22 10:06:30,944 [INFO ] TM - FillChamber
2021-10-22 10:06:31,200 [INFO ] TM - VacPick
2021-10-22 10:06:31,955 [INFO ] TM - VacPlace
2021-10-22 10:06:32,707 [INFO ] TM - FillChamber
2021-10-22 10:06:32,965 [INFO ] TM - VacPick
2021-10-22 10:06:33,718 [INFO ] TM - VacPlace
2021-10-22 10:06:34,471 [INFO ] TM - FillChamber
2021-10-22 10:06:41,126 [INFO ] TM - Pump
2021-10-22 10:06:45,839 [INFO ] TM - PickPMtoVAC
2021-10-22 10:06:46,594 [INFO ] TM - PlaceVACtoLL
2021-10-22 10:06:47,346 [INFO ] TM - PickPMtoVAC
2021-10-22 10:06:48,099 [INFO ] TM - PlaceVACtoLL
2021-10-22 10:06:48,853 [INFO ] TM - PickPMtoVAC
2021-10-22 10:06:49,606 [INFO ] TM - PlaceVACtoLL
2021-10-22 10:06:49,633 [INFO ] TM - Vent
2021-10-22 10:06:50,360 [INFO ] TM - PickPMtoVAC
2021-10-22 10:06:51,113 [INFO ] TM - PlaceVACtoLL
2021-10-22 10:06:51,866 [INFO ] TM - PickPMtoVAC
2021-10-22 10:06:52,620 [INFO ] TM - PlaceVACtoLL
2021-10-22 10:06:53,373 [INFO ] TM - PickPMtoVAC
2021-10-22 10:06:54,126 [INFO ] TM - PlaceVACtoLL
2021-10-22 10:06:54,144 [INFO ] TM - Vent
2021-10-22 10:06:54,879 [INFO ] TM - PickPMtoVAC
2021-10-22 10:06:55,634 [INFO ] TM - PlaceVACtoLL
2021-10-22 10:06:56,386 [INFO ] TM - PickPMtoVAC
2021-10-22 10:06:57,140 [INFO ] TM - PlaceVACtoLL
2021-10-22 10:06:57,896 [INFO ] TM - PickPMtoVAC
2021-10-22 10:06:58,652 [INFO ] TM - PlaceVACtoLL
2021-10-22 10:06:58,665 [INFO ] TM - Vent
2021-10-22 10:06:59,680 [INFO ] TM - VacPick
