2021-10-22 10:00:14,543 [INFO ] TM - Pump
2021-10-22 10:00:14,794 [INFO ] TM - VacPick
2021-10-22 10:00:15,550 [INFO ] TM - VacPlace
2021-10-22 10:00:16,301 [INFO ] TM - FillChamber
2021-10-22 10:00:16,557 [INFO ] TM - VacPick
2021-10-22 10:00:17,314 [INFO ] TM - VacPlace
2021-10-22 10:00:18,066 [INFO ] TM - FillChamber
2021-10-22 10:00:18,321 [INFO ] TM - VacPick
2021-10-22 10:00:19,074 [INFO ] TM - VacPlace
2021-10-22 10:00:19,826 [INFO ] TM - FillChamber
2021-10-22 10:00:26,473 [INFO ] TM - Pump
2021-10-22 10:00:26,738 [INFO ] TM - VacPick
2021-10-22 10:00:27,493 [INFO ] TM - VacPlace
2021-10-22 10:00:28,247 [INFO ] TM - FillChamber
2021-10-22 10:00:28,502 [INFO ] TM - VacPick
2021-10-22 10:00:29,257 [INFO ] TM - VacPlace
2021-10-22 10:00:30,009 [INFO ] TM - FillChamber
2021-10-22 10:00:30,263 [INFO ] TM - VacPick
2021-10-22 10:00:31,018 [INFO ] TM - VacPlace
2021-10-22 10:00:31,771 [INFO ] TM - FillChamber
2021-10-22 10:00:38,424 [INFO ] TM - Pump
2021-10-22 10:00:38,675 [INFO ] TM - VacPick
2021-10-22 10:00:39,432 [INFO ] TM - VacPlace
2021-10-22 10:00:40,186 [INFO ] TM - FillChamber
2021-10-22 10:00:40,452 [INFO ] TM - VacPick
2021-10-22 10:00:41,232 [INFO ] TM - VacPlace
2021-10-22 10:00:41,986 [INFO ] TM - FillChamber
2021-10-22 10:00:42,244 [INFO ] TM - VacPick
2021-10-22 10:00:43,001 [INFO ] TM - VacPlace
2021-10-22 10:00:43,755 [INFO ] TM - FillChamber
2021-10-22 10:00:50,367 [INFO ] TM - Pump
2021-10-22 10:00:55,196 [INFO ] TM - PickPMtoVAC
2021-10-22 10:00:55,950 [INFO ] TM - PlaceVACtoLL
2021-10-22 10:00:56,703 [INFO ] TM - PickPMtoVAC
2021-10-22 10:00:57,458 [INFO ] TM - PlaceVACtoLL
2021-10-22 10:00:58,211 [INFO ] TM - PickPMtoVAC
2021-10-22 10:00:58,964 [INFO ] TM - PlaceVACtoLL
