2021-10-22 09:28:00,133 [INFO ] TM - VacPick
2021-10-22 09:28:00,892 [INFO ] TM - VacPlace
2021-10-22 09:28:01,645 [INFO ] TM - FillChamber
2021-10-22 09:28:01,900 [INFO ] TM - VacPick
2021-10-22 09:28:02,655 [INFO ] TM - VacPlace
2021-10-22 09:28:03,411 [INFO ] TM - FillChamber
2021-10-22 09:28:03,667 [INFO ] TM - VacPick
2021-10-22 09:28:04,421 [INFO ] TM - VacPlace
2021-10-22 09:28:05,175 [INFO ] TM - FillChamber
2021-10-22 09:28:11,879 [INFO ] TM - Pump
2021-10-22 09:28:12,134 [INFO ] TM - VacPick
2021-10-22 09:28:12,890 [INFO ] TM - VacPlace
2021-10-22 09:28:13,644 [INFO ] TM - FillChamber
2021-10-22 09:28:13,899 [INFO ] TM - VacPick
2021-10-22 09:28:14,652 [INFO ] TM - VacPlace
2021-10-22 09:28:15,405 [INFO ] TM - FillChamber
2021-10-22 09:28:15,663 [INFO ] TM - VacPick
2021-10-22 09:28:16,422 [INFO ] TM - VacPlace
2021-10-22 09:28:17,175 [INFO ] TM - FillChamber
2021-10-22 09:28:25,202 [INFO ] TM - ERROR
2021-10-22 09:28:25,219 [INFO ] TM - Pump
2021-10-22 09:28:25,219 [INFO ] TM - ERROR
2021-10-22 09:28:25,491 [INFO ] TM - VacPick
2021-10-22 09:28:25,510 [INFO ] TM - ERROR
