2021-10-22 10:08:00,583 [INFO ] TM - FillChamber
2021-10-22 10:08:00,840 [INFO ] TM - VacPick
2021-10-22 10:08:01,596 [INFO ] TM - VacPlace
2021-10-22 10:08:02,348 [INFO ] TM - FillChamber
2021-10-22 10:08:15,297 [INFO ] TM - Pump
2021-10-22 10:08:15,552 [INFO ] TM - VacPick
2021-10-22 10:08:16,311 [INFO ] TM - VacPlace
2021-10-22 10:08:17,063 [INFO ] TM - FillChamber
2021-10-22 10:08:17,318 [INFO ] TM - VacPick
2021-10-22 10:08:18,072 [INFO ] TM - VacPlace
2021-10-22 10:08:18,825 [INFO ] TM - FillChamber
2021-10-22 10:08:19,084 [INFO ] TM - VacPick
2021-10-22 10:08:19,838 [INFO ] TM - VacPlace
2021-10-22 10:08:20,592 [INFO ] TM - FillChamber
2021-10-22 10:08:26,259 [INFO ] TM - Pump
2021-10-22 10:08:31,925 [INFO ] TM - PickPMtoVAC
2021-10-22 10:08:32,678 [INFO ] TM - PlaceVACtoLL
2021-10-22 10:08:33,432 [INFO ] TM - PickPMtoVAC
2021-10-22 10:08:34,186 [INFO ] TM - PlaceVACtoLL
2021-10-22 10:08:34,940 [INFO ] TM - PickPMtoVAC
2021-10-22 10:08:35,694 [INFO ] TM - PlaceVACtoLL
2021-10-22 10:08:35,707 [INFO ] TM - Vent
2021-10-22 10:08:36,447 [INFO ] TM - PickPMtoVAC
2021-10-22 10:08:37,200 [INFO ] TM - PlaceVACtoLL
2021-10-22 10:08:37,953 [INFO ] TM - PickPMtoVAC
2021-10-22 10:08:38,706 [INFO ] TM - PlaceVACtoLL
2021-10-22 10:08:39,458 [INFO ] TM - PickPMtoVAC
2021-10-22 10:08:40,212 [INFO ] TM - PlaceVACtoLL
2021-10-22 10:08:40,239 [INFO ] TM - Vent
2021-10-22 10:08:40,965 [INFO ] TM - PickPMtoVAC
2021-10-22 10:08:41,719 [INFO ] TM - PlaceVACtoLL
2021-10-22 10:08:42,474 [INFO ] TM - PickPMtoVAC
2021-10-22 10:08:43,228 [INFO ] TM - PlaceVACtoLL
2021-10-22 10:08:43,981 [INFO ] TM - PickPMtoVAC
2021-10-22 10:08:44,734 [INFO ] TM - PlaceVACtoLL
2021-10-22 10:08:44,746 [INFO ] TM - Vent
2021-10-22 10:08:45,787 [INFO ] TM - VacPick
2021-10-22 10:08:46,543 [INFO ] TM - VacPlace
2021-10-22 10:08:47,300 [INFO ] TM - FillChamber
2021-10-22 10:08:47,558 [INFO ] TM - VacPick
2021-10-22 10:08:48,313 [INFO ] TM - VacPlace
2021-10-22 10:08:48,584 [INFO ] TM - ERROR
2021-10-22 10:08:49,764 [INFO ] TM - FillChamber
2021-10-22 10:08:49,768 [INFO ] TM - ERROR
