2021-10-15 10:44:04,086 [INFO ] TM - Pump
2021-10-15 10:44:04,341 [INFO ] TM - VacPick
2021-10-15 10:44:05,098 [INFO ] TM - VacPlace
2021-10-15 10:44:05,850 [INFO ] TM - FillChamber
2021-10-15 10:44:06,104 [INFO ] TM - VacPick
2021-10-15 10:44:06,857 [INFO ] TM - VacPlace
2021-10-15 10:44:07,614 [INFO ] TM - FillChamber
2021-10-15 10:44:07,870 [INFO ] TM - VacPick
2021-10-15 10:44:08,624 [INFO ] TM - VacPlace
2021-10-15 10:44:09,381 [INFO ] TM - FillChamber
2021-10-15 10:44:16,113 [INFO ] TM - Pump
2021-10-15 10:44:16,364 [INFO ] TM - VacPick
2021-10-15 10:44:17,118 [INFO ] TM - VacPlace
2021-10-15 10:44:17,878 [INFO ] TM - FillChamber
2021-10-15 10:44:18,132 [INFO ] TM - VacPick
2021-10-15 10:44:18,885 [INFO ] TM - VacPlace
2021-10-15 10:44:19,642 [INFO ] TM - FillChamber
2021-10-15 10:44:19,898 [INFO ] TM - VacPick
2021-10-15 10:44:20,651 [INFO ] TM - VacPlace
2021-10-15 10:44:21,405 [INFO ] TM - FillChamber
2021-10-15 10:44:28,131 [INFO ] TM - Pump
2021-10-15 10:44:32,065 [INFO ] TM - PickPMtoVAC
2021-10-15 10:44:32,819 [INFO ] TM - PlaceVACtoLL
2021-10-15 10:44:33,574 [INFO ] TM - PickPMtoVAC
2021-10-15 10:44:34,329 [INFO ] TM - PlaceVACtoLL
2021-10-15 10:44:35,083 [INFO ] TM - PickPMtoVAC
2021-10-15 10:44:35,836 [INFO ] TM - PlaceVACtoLL
2021-10-15 10:44:35,851 [INFO ] TM - Vent
2021-10-15 10:44:36,592 [INFO ] TM - PickPMtoVAC
2021-10-15 10:44:37,345 [INFO ] TM - PlaceVACtoLL
2021-10-15 10:44:38,098 [INFO ] TM - PickPMtoVAC
2021-10-15 10:44:38,852 [INFO ] TM - PlaceVACtoLL
2021-10-15 10:44:39,607 [INFO ] TM - PickPMtoVAC
2021-10-15 10:44:40,361 [INFO ] TM - PlaceVACtoLL
2021-10-15 10:44:40,368 [INFO ] TM - Vent
2021-10-15 10:44:41,115 [INFO ] TM - PickPMtoVAC
2021-10-15 10:44:41,868 [INFO ] TM - PlaceVACtoLL
2021-10-15 10:44:42,623 [INFO ] TM - PickPMtoVAC
2021-10-15 10:44:43,377 [INFO ] TM - PlaceVACtoLL
2021-10-15 10:44:44,130 [INFO ] TM - PickPMtoVAC
2021-10-15 10:44:44,885 [INFO ] TM - PlaceVACtoLL
2021-10-15 10:44:44,909 [INFO ] TM - Vent
2021-10-15 10:44:45,909 [INFO ] TM - VacPick
2021-10-15 10:44:46,663 [INFO ] TM - VacPlace
2021-10-15 10:44:47,416 [INFO ] TM - FillChamber
2021-10-15 10:44:47,679 [INFO ] TM - VacPick
2021-10-15 10:44:48,432 [INFO ] TM - VacPlace
2021-10-15 10:44:49,185 [INFO ] TM - FillChamber
2021-10-15 10:44:49,440 [INFO ] TM - VacPick
2021-10-15 10:44:50,196 [INFO ] TM - VacPlace
2021-10-15 10:44:50,777 [INFO ] TM - Pump
2021-10-15 10:44:50,948 [INFO ] TM - FillChamber
2021-10-15 10:44:51,244 [INFO ] TM - VacPick
2021-10-15 10:44:51,998 [INFO ] TM - VacPlace
2021-10-15 10:44:52,751 [INFO ] TM - FillChamber
2021-10-15 10:44:53,005 [INFO ] TM - VacPick
2021-10-15 10:44:53,758 [INFO ] TM - VacPlace
2021-10-15 10:44:54,510 [INFO ] TM - FillChamber
2021-10-15 10:44:54,765 [INFO ] TM - VacPick
2021-10-15 10:44:55,518 [INFO ] TM - VacPlace
2021-10-15 10:44:56,271 [INFO ] TM - FillChamber
