2021-10-15 10:45:00,254 [INFO ] EFEM - MoveWaferLPM2
2021-10-15 10:45:00,383 [INFO ] EFEM - PickWaferLPM2
2021-10-15 10:45:00,686 [INFO ] EFEM - MoveLPM2toAlg
2021-10-15 10:45:00,815 [INFO ] EFEM - PickAndPlace
2021-10-15 10:45:01,271 [INFO ] EFEM - LLRotate
2021-10-15 10:45:01,649 [INFO ] EFEM - PlaceUpWaferLL
2021-10-15 10:45:01,650 [INFO ] EFEM - PlaceATMtoLL
2021-10-15 10:45:02,052 [INFO ] EFEM - MoveWaferLPM2
2021-10-15 10:45:02,179 [INFO ] EFEM - PickWaferLPM2
2021-10-15 10:45:02,482 [INFO ] EFEM - MoveLPM2toAlg
2021-10-15 10:45:02,611 [INFO ] EFEM - PickAndPlace
2021-10-15 10:45:03,071 [INFO ] EFEM - LLRotate
2021-10-15 10:45:03,448 [INFO ] EFEM - PlaceUpWaferLL
2021-10-15 10:45:03,451 [INFO ] EFEM - PlaceATMtoLL
2021-10-15 10:45:03,871 [INFO ] EFEM - MoveWaferLPM2
2021-10-15 10:45:03,997 [INFO ] EFEM - PickWaferLPM2
2021-10-15 10:45:04,431 [INFO ] EFEM - MoveLPM2toAlg
2021-10-15 10:45:04,668 [INFO ] EFEM - PickAndPlace
2021-10-15 10:45:05,152 [INFO ] EFEM - LLRotate
2021-10-15 10:45:05,552 [INFO ] EFEM - PlaceUpWaferLL
2021-10-15 10:45:05,556 [INFO ] EFEM - PlaceATMtoLL
2021-10-15 10:45:05,975 [INFO ] EFEM - MoveWaferLPM2
2021-10-15 10:45:06,110 [INFO ] EFEM - PickWaferLPM2
2021-10-15 10:45:06,414 [INFO ] EFEM - MoveLPM2toAlg
2021-10-15 10:45:06,540 [INFO ] EFEM - PickAndPlace
2021-10-15 10:45:06,998 [INFO ] EFEM - LLRotate
2021-10-15 10:45:07,378 [INFO ] EFEM - PlaceUpWaferLL
2021-10-15 10:45:07,380 [INFO ] EFEM - PlaceATMtoLL
