2021-10-22 09:28:00,110 [INFO ] EFEM - PickWaferLPM1
2021-10-22 09:28:00,415 [INFO ] EFEM - MoveLPM1toAlg
2021-10-22 09:28:00,543 [INFO ] EFEM - PickAndPlace
2021-10-22 09:28:00,999 [INFO ] EFEM - LLRotate
2021-10-22 09:28:01,376 [INFO ] EFEM - PlaceUpWaferLL
2021-10-22 09:28:01,828 [INFO ] EFEM - PlaceATMtoLL
2021-10-22 09:28:01,831 [INFO ] EFEM - CenterMoveLPM1
2021-10-22 09:28:02,110 [INFO ] EFEM - PickWaferLPM1
2021-10-22 09:28:02,413 [INFO ] EFEM - MoveLPM1toAlg
2021-10-22 09:28:02,541 [INFO ] EFEM - PickAndPlace
2021-10-22 09:28:03,001 [INFO ] EFEM - LLRotate
2021-10-22 09:28:03,383 [INFO ] EFEM - PlaceUpWaferLL
2021-10-22 09:28:03,840 [INFO ] EFEM - PlaceATMtoLL
2021-10-22 09:28:03,844 [INFO ] EFEM - CenterMoveLPM1
2021-10-22 09:28:04,124 [INFO ] EFEM - PickWaferLPM1
2021-10-22 09:28:04,428 [INFO ] EFEM - MoveLPM1toAlg
2021-10-22 09:28:04,556 [INFO ] EFEM - PickAndPlace
2021-10-22 09:28:05,012 [INFO ] EFEM - LLRotate
2021-10-22 09:28:05,390 [INFO ] EFEM - PlaceUpWaferLL
2021-10-22 09:28:05,842 [INFO ] EFEM - PlaceATMtoLL
2021-10-22 09:28:05,844 [INFO ] EFEM - CenterMoveLPM1
2021-10-22 09:28:06,129 [INFO ] EFEM - PickWaferLPM1
2021-10-22 09:28:06,431 [INFO ] EFEM - MoveLPM1toAlg
2021-10-22 09:28:06,560 [INFO ] EFEM - PickAndPlace
2021-10-22 09:28:07,016 [INFO ] EFEM - LLRotate
2021-10-22 09:28:07,394 [INFO ] EFEM - PlaceUpWaferLL
2021-10-22 09:28:07,846 [INFO ] EFEM - PlaceATMtoLL
2021-10-22 09:28:07,848 [INFO ] EFEM - CenterMoveLPM1
2021-10-22 09:28:08,118 [INFO ] EFEM - PickWaferLPM1
2021-10-22 09:28:08,420 [INFO ] EFEM - MoveLPM1toAlg
2021-10-22 09:28:08,548 [INFO ] EFEM - PickAndPlace
2021-10-22 09:28:09,004 [INFO ] EFEM - LLRotate
2021-10-22 09:28:09,382 [INFO ] EFEM - PlaceUpWaferLL
2021-10-22 09:28:09,834 [INFO ] EFEM - PlaceATMtoLL
2021-10-22 09:28:09,836 [INFO ] EFEM - CenterMoveLPM1
2021-10-22 09:28:10,119 [INFO ] EFEM - PickWaferLPM1
2021-10-22 09:28:10,423 [INFO ] EFEM - MoveLPM1toAlg
2021-10-22 09:28:10,549 [INFO ] EFEM - PickAndPlace
2021-10-22 09:28:11,005 [INFO ] EFEM - LLRotate
2021-10-22 09:28:11,382 [INFO ] EFEM - PlaceUpWaferLL
2021-10-22 09:28:11,834 [INFO ] EFEM - PlaceATMtoLL
2021-10-22 09:28:11,836 [INFO ] EFEM - CenterMoveLPM1
2021-10-22 09:28:12,114 [INFO ] EFEM - PickWaferLPM1
2021-10-22 09:28:12,418 [INFO ] EFEM - MoveLPM1toAlg
2021-10-22 09:28:12,545 [INFO ] EFEM - PickAndPlace
2021-10-22 09:28:13,001 [INFO ] EFEM - LLRotate
2021-10-22 09:28:13,379 [INFO ] EFEM - PlaceUpWaferLL
2021-10-22 09:28:13,833 [INFO ] EFEM - PlaceATMtoLL
2021-10-22 09:28:13,835 [INFO ] EFEM - CenterMoveLPM1
2021-10-22 09:28:14,106 [INFO ] EFEM - PickWaferLPM1
2021-10-22 09:28:14,410 [INFO ] EFEM - MoveLPM1toAlg
2021-10-22 09:28:14,538 [INFO ] EFEM - PickAndPlace
2021-10-22 09:28:14,994 [INFO ] EFEM - LLRotate
2021-10-22 09:28:15,374 [INFO ] EFEM - PlaceUpWaferLL
2021-10-22 09:28:15,826 [INFO ] EFEM - PlaceATMtoLL
2021-10-22 09:28:15,829 [INFO ] EFEM - CenterMoveLPM1
2021-10-22 09:28:16,109 [INFO ] EFEM - PickWaferLPM1
2021-10-22 09:28:16,412 [INFO ] EFEM - MoveLPM1toAlg
2021-10-22 09:28:16,541 [INFO ] EFEM - PickAndPlace
2021-10-22 09:28:16,998 [INFO ] EFEM - LLRotate
2021-10-22 09:28:17,375 [INFO ] EFEM - PlaceUpWaferLL
2021-10-22 09:28:17,827 [INFO ] EFEM - PlaceATMtoLL
2021-10-22 09:28:17,831 [INFO ] EFEM - CenterMoveLPM1
2021-10-22 09:28:18,104 [INFO ] EFEM - PickWaferLPM1
2021-10-22 09:28:18,407 [INFO ] EFEM - MoveLPM1toAlg
2021-10-22 09:28:18,533 [INFO ] EFEM - PickAndPlace
2021-10-22 09:28:18,991 [INFO ] EFEM - LLRotate
2021-10-22 09:28:19,369 [INFO ] EFEM - PlaceUpWaferLL
2021-10-22 09:28:19,824 [INFO ] EFEM - PlaceATMtoLL
2021-10-22 09:28:19,826 [INFO ] EFEM - CenterMoveLPM1
2021-10-22 09:28:20,097 [INFO ] EFEM - PickWaferLPM1
2021-10-22 09:28:20,400 [INFO ] EFEM - MoveLPM1toAlg
2021-10-22 09:28:20,527 [INFO ] EFEM - PickAndPlace
2021-10-22 09:28:20,984 [INFO ] EFEM - LLRotate
2021-10-22 09:28:21,363 [INFO ] EFEM - PlaceUpWaferLL
2021-10-22 09:28:21,826 [INFO ] EFEM - PlaceATMtoLL
2021-10-22 09:28:21,834 [INFO ] EFEM - CenterMoveLPM1
2021-10-22 09:28:22,114 [INFO ] EFEM - PickWaferLPM1
2021-10-22 09:28:22,419 [INFO ] EFEM - MoveLPM1toAlg
2021-10-22 09:28:22,546 [INFO ] EFEM - PickAndPlace
2021-10-22 09:28:23,001 [INFO ] EFEM - LLRotate
2021-10-22 09:28:23,380 [INFO ] EFEM - PlaceUpWaferLL
2021-10-22 09:28:23,833 [INFO ] EFEM - PlaceATMtoLL
2021-10-22 09:28:23,835 [INFO ] EFEM - CenterMoveLPM1
2021-10-22 09:28:24,109 [INFO ] EFEM - PickWaferLPM1
2021-10-22 09:28:24,413 [INFO ] EFEM - MoveLPM1toAlg
2021-10-22 09:28:24,539 [INFO ] EFEM - PickAndPlace
2021-10-22 09:28:24,995 [INFO ] EFEM - LLRotate
2021-10-22 09:28:25,208 [FATAL] EFEM - 현재 연결은 원격 호스트에 의해 강제로 끊겼습니다
2021-10-22 09:28:25,378 [INFO ] EFEM - PlaceUpWaferLL
2021-10-22 09:28:25,385 [INFO ] EFEM - ERROR
