2021-10-15 10:40:00,373 [INFO ] EFEM - PlaceATMtoLL
2021-10-15 10:40:00,381 [INFO ] EFEM - CenterMoveLPM1
2021-10-15 10:40:00,656 [INFO ] EFEM - PickWaferLPM1
2021-10-15 10:40:00,958 [INFO ] EFEM - MoveLPM1toAlg
2021-10-15 10:40:01,087 [INFO ] EFEM - PickAndPlace
2021-10-15 10:40:01,545 [INFO ] EFEM - LLRotate
2021-10-15 10:40:01,928 [INFO ] EFEM - PlaceUpWaferLL
2021-10-15 10:40:02,381 [INFO ] EFEM - PlaceATMtoLL
2021-10-15 10:40:02,383 [INFO ] EFEM - CenterMoveLPM1
2021-10-15 10:40:02,663 [INFO ] EFEM - PickWaferLPM1
2021-10-15 10:40:02,967 [INFO ] EFEM - MoveLPM1toAlg
2021-10-15 10:40:03,096 [INFO ] EFEM - PickAndPlace
2021-10-15 10:40:03,550 [INFO ] EFEM - LLRotate
2021-10-15 10:40:03,929 [INFO ] EFEM - PlaceUpWaferLL
2021-10-15 10:40:04,381 [INFO ] EFEM - PlaceATMtoLL
2021-10-15 10:40:04,383 [INFO ] EFEM - CenterMoveLPM1
2021-10-15 10:40:04,654 [INFO ] EFEM - PickWaferLPM1
2021-10-15 10:40:04,957 [INFO ] EFEM - MoveLPM1toAlg
2021-10-15 10:40:05,085 [INFO ] EFEM - PickAndPlace
2021-10-15 10:40:05,540 [INFO ] EFEM - LLRotate
2021-10-15 10:40:05,918 [INFO ] EFEM - PlaceUpWaferLL
2021-10-15 10:40:06,371 [INFO ] EFEM - PlaceATMtoLL
2021-10-15 10:40:06,373 [INFO ] EFEM - CenterMoveLPM1
2021-10-15 10:40:06,650 [INFO ] EFEM - PickWaferLPM1
2021-10-15 10:40:06,952 [INFO ] EFEM - MoveLPM1toAlg
2021-10-15 10:40:07,081 [INFO ] EFEM - PickAndPlace
2021-10-15 10:40:07,535 [INFO ] EFEM - LLRotate
2021-10-15 10:40:07,913 [INFO ] EFEM - PlaceUpWaferLL
2021-10-15 10:40:08,365 [INFO ] EFEM - PlaceATMtoLL
2021-10-15 10:40:08,368 [INFO ] EFEM - CenterMoveLPM1
2021-10-15 10:40:08,649 [INFO ] EFEM - PickWaferLPM1
2021-10-15 10:40:08,958 [INFO ] EFEM - MoveLPM1toAlg
2021-10-15 10:40:09,091 [INFO ] EFEM - PickAndPlace
2021-10-15 10:40:09,557 [INFO ] EFEM - LLRotate
2021-10-15 10:40:09,935 [INFO ] EFEM - PlaceUpWaferLL
2021-10-15 10:40:10,389 [INFO ] EFEM - PlaceATMtoLL
2021-10-15 10:40:10,391 [INFO ] EFEM - CenterMoveLPM1
2021-10-15 10:40:10,675 [INFO ] EFEM - PickWaferLPM1
2021-10-15 10:40:10,986 [INFO ] EFEM - MoveLPM1toAlg
2021-10-15 10:40:11,116 [INFO ] EFEM - PickAndPlace
2021-10-15 10:40:11,578 [INFO ] EFEM - LLRotate
2021-10-15 10:40:11,960 [INFO ] EFEM - PlaceUpWaferLL
2021-10-15 10:40:12,417 [INFO ] EFEM - PlaceATMtoLL
2021-10-15 10:40:12,421 [INFO ] EFEM - CenterMoveLPM1
2021-10-15 10:40:12,697 [INFO ] EFEM - PickWaferLPM1
2021-10-15 10:40:13,011 [INFO ] EFEM - MoveLPM1toAlg
2021-10-15 10:40:13,145 [INFO ] EFEM - PickAndPlace
2021-10-15 10:40:13,601 [INFO ] EFEM - LLRotate
2021-10-15 10:40:13,979 [INFO ] EFEM - PlaceUpWaferLL
2021-10-15 10:40:14,431 [INFO ] EFEM - PlaceATMtoLL
2021-10-15 10:40:14,433 [INFO ] EFEM - CenterMoveLPM1
2021-10-15 10:40:14,734 [INFO ] EFEM - PickWaferLPM1
2021-10-15 10:40:15,039 [INFO ] EFEM - MoveLPM1toAlg
2021-10-15 10:40:15,177 [INFO ] EFEM - PickAndPlace
2021-10-15 10:40:15,632 [INFO ] EFEM - LLRotate
2021-10-15 10:40:16,015 [INFO ] EFEM - PlaceUpWaferLL
2021-10-15 10:40:16,468 [INFO ] EFEM - PlaceATMtoLL
2021-10-15 10:40:16,470 [INFO ] EFEM - CenterMoveLPM1
2021-10-15 10:40:16,743 [INFO ] EFEM - PickWaferLPM1
2021-10-15 10:40:17,045 [INFO ] EFEM - MoveLPM1toAlg
2021-10-15 10:40:17,173 [INFO ] EFEM - PickAndPlace
2021-10-15 10:40:17,630 [INFO ] EFEM - LLRotate
2021-10-15 10:40:18,009 [INFO ] EFEM - PlaceUpWaferLL
2021-10-15 10:40:18,462 [INFO ] EFEM - PlaceATMtoLL
2021-10-15 10:40:18,464 [INFO ] EFEM - CenterMoveLPM1
2021-10-15 10:40:18,739 [INFO ] EFEM - PickWaferLPM1
2021-10-15 10:40:19,044 [INFO ] EFEM - MoveLPM1toAlg
2021-10-15 10:40:19,171 [INFO ] EFEM - PickAndPlace
2021-10-15 10:40:19,636 [INFO ] EFEM - LLRotate
2021-10-15 10:40:20,014 [INFO ] EFEM - PlaceUpWaferLL
2021-10-15 10:40:20,469 [INFO ] EFEM - PlaceATMtoLL
2021-10-15 10:40:20,470 [INFO ] EFEM - CenterMoveLPM1
2021-10-15 10:40:20,747 [INFO ] EFEM - PickWaferLPM1
2021-10-15 10:40:21,052 [INFO ] EFEM - MoveLPM1toAlg
2021-10-15 10:40:21,182 [INFO ] EFEM - PickAndPlace
2021-10-15 10:40:21,640 [INFO ] EFEM - LLRotate
2021-10-15 10:40:22,026 [INFO ] EFEM - PlaceUpWaferLL
2021-10-15 10:40:22,479 [INFO ] EFEM - PlaceATMtoLL
2021-10-15 10:40:22,481 [INFO ] EFEM - CenterMoveLPM1
2021-10-15 10:40:22,757 [INFO ] EFEM - PickWaferLPM1
2021-10-15 10:40:23,065 [INFO ] EFEM - MoveLPM1toAlg
2021-10-15 10:40:23,228 [INFO ] EFEM - PickAndPlace
2021-10-15 10:40:23,710 [INFO ] EFEM - LLRotate
2021-10-15 10:40:24,093 [INFO ] EFEM - PlaceUpWaferLL
2021-10-15 10:40:24,549 [INFO ] EFEM - PlaceATMtoLL
2021-10-15 10:40:24,551 [INFO ] EFEM - CenterMoveLPM1
2021-10-15 10:40:24,828 [INFO ] EFEM - PickWaferLPM1
2021-10-15 10:40:25,165 [INFO ] EFEM - MoveLPM1toAlg
2021-10-15 10:40:25,296 [INFO ] EFEM - PickAndPlace
2021-10-15 10:40:25,780 [INFO ] EFEM - LLRotate
2021-10-15 10:40:26,161 [INFO ] EFEM - PlaceUpWaferLL
2021-10-15 10:40:26,613 [INFO ] EFEM - PlaceATMtoLL
2021-10-15 10:40:26,615 [INFO ] EFEM - CenterMoveLPM1
2021-10-15 10:40:26,891 [INFO ] EFEM - PickWaferLPM1
2021-10-15 10:40:27,202 [INFO ] EFEM - MoveLPM1toAlg
2021-10-15 10:40:27,333 [INFO ] EFEM - PickAndPlace
2021-10-15 10:40:27,788 [INFO ] EFEM - LLRotate
2021-10-15 10:40:28,168 [INFO ] EFEM - PlaceUpWaferLL
2021-10-15 10:40:28,632 [INFO ] EFEM - PlaceATMtoLL
2021-10-15 10:40:28,638 [INFO ] EFEM - CenterMoveLPM1
2021-10-15 10:40:28,921 [INFO ] EFEM - PickWaferLPM1
2021-10-15 10:40:29,224 [INFO ] EFEM - MoveLPM1toAlg
2021-10-15 10:40:29,365 [INFO ] EFEM - PickAndPlace
2021-10-15 10:40:29,825 [INFO ] EFEM - LLRotate
2021-10-15 10:40:30,204 [INFO ] EFEM - PlaceUpWaferLL
2021-10-15 10:40:30,657 [INFO ] EFEM - PlaceATMtoLL
2021-10-15 10:40:30,658 [INFO ] EFEM - CenterMoveLPM1
2021-10-15 10:40:30,937 [INFO ] EFEM - PickWaferLPM1
2021-10-15 10:40:31,242 [INFO ] EFEM - MoveLPM1toAlg
2021-10-15 10:40:31,369 [INFO ] EFEM - PickAndPlace
2021-10-15 10:40:31,824 [INFO ] EFEM - LLRotate
2021-10-15 10:40:32,202 [INFO ] EFEM - PlaceUpWaferLL
2021-10-15 10:40:32,654 [INFO ] EFEM - PlaceATMtoLL
2021-10-15 10:40:42,374 [INFO ] EFEM - PickLLtoATM
2021-10-15 10:40:43,098 [INFO ] EFEM - Total
2021-10-15 10:40:43,174 [INFO ] EFEM - PickLLtoATM
2021-10-15 10:40:43,882 [INFO ] EFEM - Total
2021-10-15 10:40:43,955 [INFO ] EFEM - PickLLtoATM
2021-10-15 10:40:44,670 [INFO ] EFEM - Total
2021-10-15 10:40:44,732 [INFO ] EFEM - MoveWaferLPM2
2021-10-15 10:40:44,867 [INFO ] EFEM - PickWaferLPM2
2021-10-15 10:40:45,190 [INFO ] EFEM - MoveLPM2toAlg
2021-10-15 10:40:45,320 [INFO ] EFEM - PickAndPlace
2021-10-15 10:40:45,776 [INFO ] EFEM - LLRotate
2021-10-15 10:40:46,155 [INFO ] EFEM - PlaceUpWaferLL
2021-10-15 10:40:46,162 [INFO ] EFEM - PlaceATMtoLL
2021-10-15 10:40:46,571 [INFO ] EFEM - MoveWaferLPM2
2021-10-15 10:40:46,700 [INFO ] EFEM - PickWaferLPM2
2021-10-15 10:40:47,016 [INFO ] EFEM - MoveLPM2toAlg
2021-10-15 10:40:47,157 [INFO ] EFEM - PickAndPlace
2021-10-15 10:40:47,620 [INFO ] EFEM - LLRotate
2021-10-15 10:40:47,997 [INFO ] EFEM - PlaceUpWaferLL
2021-10-15 10:40:48,000 [INFO ] EFEM - PlaceATMtoLL
2021-10-15 10:40:48,402 [INFO ] EFEM - MoveWaferLPM2
2021-10-15 10:40:48,530 [INFO ] EFEM - PickWaferLPM2
2021-10-15 10:40:48,834 [INFO ] EFEM - MoveLPM2toAlg
2021-10-15 10:40:48,991 [INFO ] EFEM - PickAndPlace
2021-10-15 10:40:49,454 [INFO ] EFEM - LLRotate
2021-10-15 10:40:49,860 [INFO ] EFEM - PlaceUpWaferLL
2021-10-15 10:40:49,876 [INFO ] EFEM - PlaceATMtoLL
2021-10-15 10:40:50,302 [INFO ] EFEM - MoveWaferLPM2
2021-10-15 10:40:50,431 [INFO ] EFEM - PickWaferLPM2
2021-10-15 10:40:50,734 [INFO ] EFEM - MoveLPM2toAlg
2021-10-15 10:40:50,862 [INFO ] EFEM - PickAndPlace
2021-10-15 10:40:51,319 [INFO ] EFEM - LLRotate
2021-10-15 10:40:51,705 [INFO ] EFEM - PlaceUpWaferLL
2021-10-15 10:40:51,721 [INFO ] EFEM - PlaceATMtoLL
2021-10-15 10:40:52,134 [INFO ] EFEM - MoveWaferLPM2
2021-10-15 10:40:52,262 [INFO ] EFEM - PickWaferLPM2
2021-10-15 10:40:52,566 [INFO ] EFEM - MoveLPM2toAlg
2021-10-15 10:40:52,693 [INFO ] EFEM - PickAndPlace
2021-10-15 10:40:53,149 [INFO ] EFEM - LLRotate
2021-10-15 10:40:53,547 [INFO ] EFEM - PlaceUpWaferLL
2021-10-15 10:40:53,551 [INFO ] EFEM - PlaceATMtoLL
2021-10-15 10:40:53,955 [INFO ] EFEM - MoveWaferLPM2
2021-10-15 10:40:54,088 [INFO ] EFEM - PickWaferLPM2
2021-10-15 10:40:54,395 [INFO ] EFEM - MoveLPM2toAlg
2021-10-15 10:40:54,522 [INFO ] EFEM - PickAndPlace
2021-10-15 10:40:54,976 [INFO ] EFEM - LLRotate
2021-10-15 10:40:55,358 [INFO ] EFEM - PlaceUpWaferLL
2021-10-15 10:40:55,367 [INFO ] EFEM - PlaceATMtoLL
2021-10-15 10:40:56,766 [INFO ] EFEM - PickLLtoATM
2021-10-15 10:40:57,470 [INFO ] EFEM - Total
2021-10-15 10:40:57,490 [INFO ] EFEM - PickLLtoATM
2021-10-15 10:40:58,194 [INFO ] EFEM - Total
2021-10-15 10:40:58,226 [INFO ] EFEM - PickLLtoATM
2021-10-15 10:40:58,929 [INFO ] EFEM - Total
2021-10-15 10:40:59,957 [INFO ] EFEM - PickLLtoATM
