2021-10-15 10:39:43,723 [INFO ] EFEM - FirstPickWafertoAlg
2021-10-15 10:39:44,288 [INFO ] EFEM - FirstPlaceWafer
2021-10-15 10:39:44,541 [INFO ] EFEM - FirstMoveLPM1
2021-10-15 10:39:44,669 [INFO ] EFEM - PickWaferLPM1
2021-10-15 10:39:44,971 [INFO ] EFEM - MoveLPM1toAlg
2021-10-15 10:39:45,099 [INFO ] EFEM - PickAndPlace
2021-10-15 10:39:45,553 [INFO ] EFEM - LLRotate
2021-10-15 10:39:45,931 [INFO ] EFEM - PlaceUpWaferLL
2021-10-15 10:39:46,383 [INFO ] EFEM - PlaceATMtoLL
2021-10-15 10:39:46,385 [INFO ] EFEM - CenterMoveLPM1
2021-10-15 10:39:46,659 [INFO ] EFEM - PickWaferLPM1
2021-10-15 10:39:46,965 [INFO ] EFEM - MoveLPM1toAlg
2021-10-15 10:39:47,091 [INFO ] EFEM - PickAndPlace
2021-10-15 10:39:47,546 [INFO ] EFEM - LLRotate
2021-10-15 10:39:47,925 [INFO ] EFEM - PlaceUpWaferLL
2021-10-15 10:39:48,377 [INFO ] EFEM - PlaceATMtoLL
2021-10-15 10:39:48,379 [INFO ] EFEM - CenterMoveLPM1
2021-10-15 10:39:48,655 [INFO ] EFEM - PickWaferLPM1
2021-10-15 10:39:48,958 [INFO ] EFEM - MoveLPM1toAlg
2021-10-15 10:39:49,087 [INFO ] EFEM - PickAndPlace
2021-10-15 10:39:49,543 [INFO ] EFEM - LLRotate
2021-10-15 10:39:49,921 [INFO ] EFEM - PlaceUpWaferLL
2021-10-15 10:39:50,373 [INFO ] EFEM - PlaceATMtoLL
2021-10-15 10:39:50,375 [INFO ] EFEM - CenterMoveLPM1
2021-10-15 10:39:50,656 [INFO ] EFEM - PickWaferLPM1
2021-10-15 10:39:50,959 [INFO ] EFEM - MoveLPM1toAlg
2021-10-15 10:39:51,086 [INFO ] EFEM - PickAndPlace
2021-10-15 10:39:51,542 [INFO ] EFEM - LLRotate
2021-10-15 10:39:51,920 [INFO ] EFEM - PlaceUpWaferLL
2021-10-15 10:39:52,372 [INFO ] EFEM - PlaceATMtoLL
2021-10-15 10:39:52,374 [INFO ] EFEM - CenterMoveLPM1
2021-10-15 10:39:52,653 [INFO ] EFEM - PickWaferLPM1
2021-10-15 10:39:52,956 [INFO ] EFEM - MoveLPM1toAlg
2021-10-15 10:39:53,084 [INFO ] EFEM - PickAndPlace
2021-10-15 10:39:53,539 [INFO ] EFEM - LLRotate
2021-10-15 10:39:53,917 [INFO ] EFEM - PlaceUpWaferLL
2021-10-15 10:39:54,369 [INFO ] EFEM - PlaceATMtoLL
2021-10-15 10:39:54,371 [INFO ] EFEM - CenterMoveLPM1
2021-10-15 10:39:54,644 [INFO ] EFEM - PickWaferLPM1
2021-10-15 10:39:54,948 [INFO ] EFEM - MoveLPM1toAlg
2021-10-15 10:39:55,075 [INFO ] EFEM - PickAndPlace
2021-10-15 10:39:55,530 [INFO ] EFEM - LLRotate
2021-10-15 10:39:55,909 [INFO ] EFEM - PlaceUpWaferLL
2021-10-15 10:39:56,360 [INFO ] EFEM - PlaceATMtoLL
2021-10-15 10:39:56,362 [INFO ] EFEM - CenterMoveLPM1
2021-10-15 10:39:56,633 [INFO ] EFEM - PickWaferLPM1
2021-10-15 10:39:56,936 [INFO ] EFEM - MoveLPM1toAlg
2021-10-15 10:39:57,065 [INFO ] EFEM - PickAndPlace
2021-10-15 10:39:57,520 [INFO ] EFEM - LLRotate
2021-10-15 10:39:57,899 [INFO ] EFEM - PlaceUpWaferLL
2021-10-15 10:39:58,352 [INFO ] EFEM - PlaceATMtoLL
2021-10-15 10:39:58,367 [INFO ] EFEM - CenterMoveLPM1
2021-10-15 10:39:58,648 [INFO ] EFEM - PickWaferLPM1
2021-10-15 10:39:58,955 [INFO ] EFEM - MoveLPM1toAlg
2021-10-15 10:39:59,084 [INFO ] EFEM - PickAndPlace
2021-10-15 10:39:59,539 [INFO ] EFEM - LLRotate
2021-10-15 10:39:59,919 [INFO ] EFEM - PlaceUpWaferLL
