2021-10-15 10:41:00,665 [INFO ] EFEM - Total
2021-10-15 10:41:00,701 [INFO ] EFEM - PickLLtoATM
2021-10-15 10:41:01,405 [INFO ] EFEM - Total
2021-10-15 10:41:01,423 [INFO ] EFEM - PickLLtoATM
2021-10-15 10:41:02,125 [INFO ] EFEM - Total
2021-10-15 10:41:02,170 [INFO ] EFEM - MoveWaferLPM2
2021-10-15 10:41:02,299 [INFO ] EFEM - PickWaferLPM2
2021-10-15 10:41:02,611 [INFO ] EFEM - MoveLPM2toAlg
2021-10-15 10:41:02,744 [INFO ] EFEM - PickAndPlace
2021-10-15 10:41:03,202 [INFO ] EFEM - LLRotate
2021-10-15 10:41:03,596 [INFO ] EFEM - PlaceUpWaferLL
2021-10-15 10:41:03,615 [INFO ] EFEM - PlaceATMtoLL
2021-10-15 10:41:04,015 [INFO ] EFEM - MoveWaferLPM2
2021-10-15 10:41:04,142 [INFO ] EFEM - PickWaferLPM2
2021-10-15 10:41:04,448 [INFO ] EFEM - MoveLPM2toAlg
2021-10-15 10:41:04,576 [INFO ] EFEM - PickAndPlace
2021-10-15 10:41:05,036 [INFO ] EFEM - LLRotate
2021-10-15 10:41:05,414 [INFO ] EFEM - PlaceUpWaferLL
2021-10-15 10:41:05,420 [INFO ] EFEM - PlaceATMtoLL
2021-10-15 10:41:05,824 [INFO ] EFEM - MoveWaferLPM2
2021-10-15 10:41:05,951 [INFO ] EFEM - PickWaferLPM2
2021-10-15 10:41:06,255 [INFO ] EFEM - MoveLPM2toAlg
2021-10-15 10:41:06,385 [INFO ] EFEM - PickAndPlace
2021-10-15 10:41:06,839 [INFO ] EFEM - LLRotate
2021-10-15 10:41:07,217 [INFO ] EFEM - PlaceUpWaferLL
2021-10-15 10:41:07,219 [INFO ] EFEM - PlaceATMtoLL
2021-10-15 10:41:07,649 [INFO ] EFEM - MoveWaferLPM2
2021-10-15 10:41:07,775 [INFO ] EFEM - PickWaferLPM2
2021-10-15 10:41:08,081 [INFO ] EFEM - MoveLPM2toAlg
2021-10-15 10:41:08,210 [INFO ] EFEM - PickAndPlace
2021-10-15 10:41:08,669 [INFO ] EFEM - LLRotate
2021-10-15 10:41:09,046 [INFO ] EFEM - PlaceUpWaferLL
2021-10-15 10:41:09,048 [INFO ] EFEM - PlaceATMtoLL
2021-10-15 10:41:09,459 [INFO ] EFEM - MoveWaferLPM2
2021-10-15 10:41:09,588 [INFO ] EFEM - PickWaferLPM2
2021-10-15 10:41:09,892 [INFO ] EFEM - MoveLPM2toAlg
2021-10-15 10:41:10,023 [INFO ] EFEM - PickAndPlace
2021-10-15 10:41:10,486 [INFO ] EFEM - LLRotate
2021-10-15 10:41:10,874 [INFO ] EFEM - PlaceUpWaferLL
2021-10-15 10:41:10,875 [INFO ] EFEM - PlaceATMtoLL
2021-10-15 10:41:11,273 [INFO ] EFEM - MoveWaferLPM2
2021-10-15 10:41:11,402 [INFO ] EFEM - PickWaferLPM2
2021-10-15 10:41:11,706 [INFO ] EFEM - MoveLPM2toAlg
2021-10-15 10:41:11,837 [INFO ] EFEM - PickAndPlace
2021-10-15 10:41:12,294 [INFO ] EFEM - LLRotate
2021-10-15 10:41:12,674 [INFO ] EFEM - PlaceUpWaferLL
2021-10-15 10:41:12,676 [INFO ] EFEM - PlaceATMtoLL
2021-10-15 10:41:13,076 [INFO ] EFEM - MoveWaferLPM2
2021-10-15 10:41:13,208 [INFO ] EFEM - PickWaferLPM2
2021-10-15 10:41:13,514 [INFO ] EFEM - MoveLPM2toAlg
2021-10-15 10:41:13,645 [INFO ] EFEM - PickAndPlace
2021-10-15 10:41:14,109 [INFO ] EFEM - LLRotate
2021-10-15 10:41:14,488 [INFO ] EFEM - PlaceUpWaferLL
2021-10-15 10:41:14,490 [INFO ] EFEM - PlaceATMtoLL
2021-10-15 10:41:14,910 [INFO ] EFEM - MoveWaferLPM2
2021-10-15 10:41:15,039 [INFO ] EFEM - PickWaferLPM2
2021-10-15 10:41:15,347 [INFO ] EFEM - MoveLPM2toAlg
2021-10-15 10:41:15,476 [INFO ] EFEM - PickAndPlace
2021-10-15 10:41:15,942 [INFO ] EFEM - LLRotate
2021-10-15 10:41:16,331 [INFO ] EFEM - PlaceUpWaferLL
2021-10-15 10:41:16,338 [INFO ] EFEM - PlaceATMtoLL
2021-10-15 10:41:16,745 [INFO ] EFEM - MoveWaferLPM2
2021-10-15 10:41:16,873 [INFO ] EFEM - PickWaferLPM2
2021-10-15 10:41:17,177 [INFO ] EFEM - MoveLPM2toAlg
2021-10-15 10:41:17,303 [INFO ] EFEM - PickAndPlace
2021-10-15 10:41:17,762 [INFO ] EFEM - LLRotate
2021-10-15 10:41:18,147 [INFO ] EFEM - PlaceUpWaferLL
2021-10-15 10:41:18,151 [INFO ] EFEM - PlaceATMtoLL
2021-10-15 10:41:18,546 [INFO ] EFEM - MoveWaferLPM2
2021-10-15 10:41:18,683 [INFO ] EFEM - PickWaferLPM2
2021-10-15 10:41:19,034 [INFO ] EFEM - MoveLPM2toAlg
2021-10-15 10:41:19,162 [INFO ] EFEM - PickAndPlace
2021-10-15 10:41:19,622 [INFO ] EFEM - LLRotate
2021-10-15 10:41:20,001 [INFO ] EFEM - PlaceUpWaferLL
2021-10-15 10:41:20,002 [INFO ] EFEM - PlaceATMtoLL
2021-10-15 10:41:20,417 [INFO ] EFEM - MoveWaferLPM2
2021-10-15 10:41:20,544 [INFO ] EFEM - PickWaferLPM2
2021-10-15 10:41:20,851 [INFO ] EFEM - MoveLPM2toAlg
2021-10-15 10:41:20,979 [INFO ] EFEM - PickAndPlace
2021-10-15 10:41:21,436 [INFO ] EFEM - LLRotate
2021-10-15 10:41:21,814 [INFO ] EFEM - PlaceUpWaferLL
2021-10-15 10:41:21,817 [INFO ] EFEM - PlaceATMtoLL
2021-10-15 10:41:22,219 [INFO ] EFEM - MoveWaferLPM2
2021-10-15 10:41:22,348 [INFO ] EFEM - PickWaferLPM2
2021-10-15 10:41:22,654 [INFO ] EFEM - MoveLPM2toAlg
2021-10-15 10:41:22,781 [INFO ] EFEM - PickAndPlace
2021-10-15 10:41:23,237 [INFO ] EFEM - LLRotate
2021-10-15 10:41:23,617 [INFO ] EFEM - PlaceUpWaferLL
2021-10-15 10:41:23,628 [INFO ] EFEM - PlaceATMtoLL
