2021-10-15 10:43:39,377 [INFO ] EFEM - FirstPickWafertoAlg
2021-10-15 10:43:39,947 [INFO ] EFEM - FirstPlaceWafer
2021-10-15 10:43:40,203 [INFO ] EFEM - FirstMoveLPM1
2021-10-15 10:43:40,331 [INFO ] EFEM - PickWaferLPM1
2021-10-15 10:43:40,637 [INFO ] EFEM - MoveLPM1toAlg
2021-10-15 10:43:40,763 [INFO ] EFEM - PickAndPlace
2021-10-15 10:43:41,218 [INFO ] EFEM - LLRotate
2021-10-15 10:43:41,596 [INFO ] EFEM - PlaceUpWaferLL
2021-10-15 10:43:42,048 [INFO ] EFEM - PlaceATMtoLL
2021-10-15 10:43:42,050 [INFO ] EFEM - CenterMoveLPM1
2021-10-15 10:43:42,330 [INFO ] EFEM - PickWaferLPM1
2021-10-15 10:43:42,638 [INFO ] EFEM - MoveLPM1toAlg
2021-10-15 10:43:42,771 [INFO ] EFEM - PickAndPlace
2021-10-15 10:43:43,225 [INFO ] EFEM - LLRotate
2021-10-15 10:43:43,604 [INFO ] EFEM - PlaceUpWaferLL
2021-10-15 10:43:44,056 [INFO ] EFEM - PlaceATMtoLL
2021-10-15 10:43:44,058 [INFO ] EFEM - CenterMoveLPM1
2021-10-15 10:43:44,328 [INFO ] EFEM - PickWaferLPM1
2021-10-15 10:43:44,631 [INFO ] EFEM - MoveLPM1toAlg
2021-10-15 10:43:44,758 [INFO ] EFEM - PickAndPlace
2021-10-15 10:43:45,213 [INFO ] EFEM - LLRotate
2021-10-15 10:43:45,592 [INFO ] EFEM - PlaceUpWaferLL
2021-10-15 10:43:46,044 [INFO ] EFEM - PlaceATMtoLL
2021-10-15 10:43:46,047 [INFO ] EFEM - CenterMoveLPM1
2021-10-15 10:43:46,325 [INFO ] EFEM - PickWaferLPM1
2021-10-15 10:43:46,628 [INFO ] EFEM - MoveLPM1toAlg
2021-10-15 10:43:46,757 [INFO ] EFEM - PickAndPlace
2021-10-15 10:43:47,214 [INFO ] EFEM - LLRotate
2021-10-15 10:43:47,592 [INFO ] EFEM - PlaceUpWaferLL
2021-10-15 10:43:48,044 [INFO ] EFEM - PlaceATMtoLL
2021-10-15 10:43:48,047 [INFO ] EFEM - CenterMoveLPM1
2021-10-15 10:43:48,317 [INFO ] EFEM - PickWaferLPM1
2021-10-15 10:43:48,619 [INFO ] EFEM - MoveLPM1toAlg
2021-10-15 10:43:48,746 [INFO ] EFEM - PickAndPlace
2021-10-15 10:43:49,200 [INFO ] EFEM - LLRotate
2021-10-15 10:43:49,580 [INFO ] EFEM - PlaceUpWaferLL
2021-10-15 10:43:50,031 [INFO ] EFEM - PlaceATMtoLL
2021-10-15 10:43:50,033 [INFO ] EFEM - CenterMoveLPM1
2021-10-15 10:43:50,316 [INFO ] EFEM - PickWaferLPM1
2021-10-15 10:43:50,621 [INFO ] EFEM - MoveLPM1toAlg
2021-10-15 10:43:50,746 [INFO ] EFEM - PickAndPlace
2021-10-15 10:43:51,201 [INFO ] EFEM - LLRotate
2021-10-15 10:43:51,579 [INFO ] EFEM - PlaceUpWaferLL
2021-10-15 10:43:52,031 [INFO ] EFEM - PlaceATMtoLL
2021-10-15 10:43:52,033 [INFO ] EFEM - CenterMoveLPM1
2021-10-15 10:43:52,316 [INFO ] EFEM - PickWaferLPM1
2021-10-15 10:43:52,618 [INFO ] EFEM - MoveLPM1toAlg
2021-10-15 10:43:52,747 [INFO ] EFEM - PickAndPlace
2021-10-15 10:43:53,204 [INFO ] EFEM - LLRotate
2021-10-15 10:43:53,582 [INFO ] EFEM - PlaceUpWaferLL
2021-10-15 10:43:54,035 [INFO ] EFEM - PlaceATMtoLL
2021-10-15 10:43:54,039 [INFO ] EFEM - CenterMoveLPM1
2021-10-15 10:43:54,311 [INFO ] EFEM - PickWaferLPM1
2021-10-15 10:43:54,616 [INFO ] EFEM - MoveLPM1toAlg
2021-10-15 10:43:54,745 [INFO ] EFEM - PickAndPlace
2021-10-15 10:43:55,203 [INFO ] EFEM - LLRotate
2021-10-15 10:43:55,583 [INFO ] EFEM - PlaceUpWaferLL
2021-10-15 10:43:56,036 [INFO ] EFEM - PlaceATMtoLL
2021-10-15 10:43:56,038 [INFO ] EFEM - CenterMoveLPM1
2021-10-15 10:43:56,313 [INFO ] EFEM - PickWaferLPM1
2021-10-15 10:43:56,618 [INFO ] EFEM - MoveLPM1toAlg
2021-10-15 10:43:56,748 [INFO ] EFEM - PickAndPlace
2021-10-15 10:43:57,212 [INFO ] EFEM - LLRotate
2021-10-15 10:43:57,591 [INFO ] EFEM - PlaceUpWaferLL
2021-10-15 10:43:58,046 [INFO ] EFEM - PlaceATMtoLL
2021-10-15 10:43:58,048 [INFO ] EFEM - CenterMoveLPM1
2021-10-15 10:43:58,327 [INFO ] EFEM - PickWaferLPM1
2021-10-15 10:43:58,631 [INFO ] EFEM - MoveLPM1toAlg
2021-10-15 10:43:58,758 [INFO ] EFEM - PickAndPlace
2021-10-15 10:43:59,216 [INFO ] EFEM - LLRotate
2021-10-15 10:43:59,593 [INFO ] EFEM - PlaceUpWaferLL
