2021-10-15 10:44:00,045 [INFO ] EFEM - PlaceATMtoLL
2021-10-15 10:44:00,049 [INFO ] EFEM - CenterMoveLPM1
2021-10-15 10:44:00,329 [INFO ] EFEM - PickWaferLPM1
2021-10-15 10:44:00,631 [INFO ] EFEM - MoveLPM1toAlg
2021-10-15 10:44:00,758 [INFO ] EFEM - PickAndPlace
2021-10-15 10:44:01,213 [INFO ] EFEM - LLRotate
2021-10-15 10:44:01,589 [INFO ] EFEM - PlaceUpWaferLL
2021-10-15 10:44:02,043 [INFO ] EFEM - PlaceATMtoLL
2021-10-15 10:44:02,044 [INFO ] EFEM - CenterMoveLPM1
2021-10-15 10:44:02,317 [INFO ] EFEM - PickWaferLPM1
2021-10-15 10:44:02,619 [INFO ] EFEM - MoveLPM1toAlg
2021-10-15 10:44:02,749 [INFO ] EFEM - PickAndPlace
2021-10-15 10:44:03,204 [INFO ] EFEM - LLRotate
2021-10-15 10:44:03,583 [INFO ] EFEM - PlaceUpWaferLL
2021-10-15 10:44:04,035 [INFO ] EFEM - PlaceATMtoLL
2021-10-15 10:44:04,038 [INFO ] EFEM - CenterMoveLPM1
2021-10-15 10:44:04,323 [INFO ] EFEM - PickWaferLPM1
2021-10-15 10:44:04,628 [INFO ] EFEM - MoveLPM1toAlg
2021-10-15 10:44:04,755 [INFO ] EFEM - PickAndPlace
2021-10-15 10:44:05,215 [INFO ] EFEM - LLRotate
2021-10-15 10:44:05,595 [INFO ] EFEM - PlaceUpWaferLL
2021-10-15 10:44:06,048 [INFO ] EFEM - PlaceATMtoLL
2021-10-15 10:44:06,049 [INFO ] EFEM - CenterMoveLPM1
2021-10-15 10:44:06,332 [INFO ] EFEM - PickWaferLPM1
2021-10-15 10:44:06,638 [INFO ] EFEM - MoveLPM1toAlg
2021-10-15 10:44:06,769 [INFO ] EFEM - PickAndPlace
2021-10-15 10:44:07,229 [INFO ] EFEM - LLRotate
2021-10-15 10:44:07,611 [INFO ] EFEM - PlaceUpWaferLL
2021-10-15 10:44:08,066 [INFO ] EFEM - PlaceATMtoLL
2021-10-15 10:44:08,068 [INFO ] EFEM - CenterMoveLPM1
2021-10-15 10:44:08,348 [INFO ] EFEM - PickWaferLPM1
2021-10-15 10:44:08,652 [INFO ] EFEM - MoveLPM1toAlg
2021-10-15 10:44:08,785 [INFO ] EFEM - PickAndPlace
2021-10-15 10:44:09,245 [INFO ] EFEM - LLRotate
2021-10-15 10:44:09,625 [INFO ] EFEM - PlaceUpWaferLL
2021-10-15 10:44:10,080 [INFO ] EFEM - PlaceATMtoLL
2021-10-15 10:44:10,083 [INFO ] EFEM - CenterMoveLPM1
2021-10-15 10:44:10,360 [INFO ] EFEM - PickWaferLPM1
2021-10-15 10:44:10,665 [INFO ] EFEM - MoveLPM1toAlg
2021-10-15 10:44:10,791 [INFO ] EFEM - PickAndPlace
2021-10-15 10:44:11,248 [INFO ] EFEM - LLRotate
2021-10-15 10:44:11,626 [INFO ] EFEM - PlaceUpWaferLL
2021-10-15 10:44:12,079 [INFO ] EFEM - PlaceATMtoLL
2021-10-15 10:44:12,082 [INFO ] EFEM - CenterMoveLPM1
2021-10-15 10:44:12,354 [INFO ] EFEM - PickWaferLPM1
2021-10-15 10:44:12,657 [INFO ] EFEM - MoveLPM1toAlg
2021-10-15 10:44:12,786 [INFO ] EFEM - PickAndPlace
2021-10-15 10:44:13,242 [INFO ] EFEM - LLRotate
2021-10-15 10:44:13,620 [INFO ] EFEM - PlaceUpWaferLL
2021-10-15 10:44:14,073 [INFO ] EFEM - PlaceATMtoLL
2021-10-15 10:44:14,076 [INFO ] EFEM - CenterMoveLPM1
2021-10-15 10:44:14,350 [INFO ] EFEM - PickWaferLPM1
2021-10-15 10:44:14,653 [INFO ] EFEM - MoveLPM1toAlg
2021-10-15 10:44:14,780 [INFO ] EFEM - PickAndPlace
2021-10-15 10:44:15,236 [INFO ] EFEM - LLRotate
2021-10-15 10:44:15,614 [INFO ] EFEM - PlaceUpWaferLL
2021-10-15 10:44:16,065 [INFO ] EFEM - PlaceATMtoLL
2021-10-15 10:44:16,067 [INFO ] EFEM - CenterMoveLPM1
2021-10-15 10:44:16,342 [INFO ] EFEM - PickWaferLPM1
2021-10-15 10:44:16,646 [INFO ] EFEM - MoveLPM1toAlg
2021-10-15 10:44:16,778 [INFO ] EFEM - PickAndPlace
2021-10-15 10:44:17,233 [INFO ] EFEM - LLRotate
2021-10-15 10:44:17,613 [INFO ] EFEM - PlaceUpWaferLL
2021-10-15 10:44:18,067 [INFO ] EFEM - PlaceATMtoLL
2021-10-15 10:44:18,078 [INFO ] EFEM - CenterMoveLPM1
2021-10-15 10:44:18,351 [INFO ] EFEM - PickWaferLPM1
2021-10-15 10:44:18,654 [INFO ] EFEM - MoveLPM1toAlg
2021-10-15 10:44:18,784 [INFO ] EFEM - PickAndPlace
2021-10-15 10:44:19,242 [INFO ] EFEM - LLRotate
2021-10-15 10:44:19,620 [INFO ] EFEM - PlaceUpWaferLL
2021-10-15 10:44:20,076 [INFO ] EFEM - PlaceATMtoLL
2021-10-15 10:44:20,079 [INFO ] EFEM - CenterMoveLPM1
2021-10-15 10:44:20,360 [INFO ] EFEM - PickWaferLPM1
2021-10-15 10:44:20,664 [INFO ] EFEM - MoveLPM1toAlg
2021-10-15 10:44:20,804 [INFO ] EFEM - PickAndPlace
2021-10-15 10:44:21,266 [INFO ] EFEM - LLRotate
2021-10-15 10:44:21,646 [INFO ] EFEM - PlaceUpWaferLL
2021-10-15 10:44:22,098 [INFO ] EFEM - PlaceATMtoLL
2021-10-15 10:44:22,099 [INFO ] EFEM - CenterMoveLPM1
2021-10-15 10:44:22,378 [INFO ] EFEM - PickWaferLPM1
2021-10-15 10:44:22,680 [INFO ] EFEM - MoveLPM1toAlg
2021-10-15 10:44:22,807 [INFO ] EFEM - PickAndPlace
2021-10-15 10:44:23,265 [INFO ] EFEM - LLRotate
2021-10-15 10:44:23,646 [INFO ] EFEM - PlaceUpWaferLL
2021-10-15 10:44:24,098 [INFO ] EFEM - PlaceATMtoLL
2021-10-15 10:44:24,100 [INFO ] EFEM - CenterMoveLPM1
2021-10-15 10:44:24,373 [INFO ] EFEM - PickWaferLPM1
2021-10-15 10:44:24,675 [INFO ] EFEM - MoveLPM1toAlg
2021-10-15 10:44:24,803 [INFO ] EFEM - PickAndPlace
2021-10-15 10:44:25,259 [INFO ] EFEM - LLRotate
2021-10-15 10:44:25,637 [INFO ] EFEM - PlaceUpWaferLL
2021-10-15 10:44:26,089 [INFO ] EFEM - PlaceATMtoLL
2021-10-15 10:44:26,091 [INFO ] EFEM - CenterMoveLPM1
2021-10-15 10:44:26,366 [INFO ] EFEM - PickWaferLPM1
2021-10-15 10:44:26,670 [INFO ] EFEM - MoveLPM1toAlg
2021-10-15 10:44:26,797 [INFO ] EFEM - PickAndPlace
2021-10-15 10:44:27,252 [INFO ] EFEM - LLRotate
2021-10-15 10:44:27,631 [INFO ] EFEM - PlaceUpWaferLL
2021-10-15 10:44:28,084 [INFO ] EFEM - PlaceATMtoLL
2021-10-15 10:44:37,178 [INFO ] EFEM - PickLLtoATM
2021-10-15 10:44:37,880 [INFO ] EFEM - Total
2021-10-15 10:44:37,916 [INFO ] EFEM - PickLLtoATM
2021-10-15 10:44:38,621 [INFO ] EFEM - Total
2021-10-15 10:44:38,651 [INFO ] EFEM - PickLLtoATM
2021-10-15 10:44:39,356 [INFO ] EFEM - Total
2021-10-15 10:44:39,416 [INFO ] EFEM - MoveWaferLPM2
2021-10-15 10:44:39,544 [INFO ] EFEM - PickWaferLPM2
2021-10-15 10:44:39,847 [INFO ] EFEM - MoveLPM2toAlg
2021-10-15 10:44:39,978 [INFO ] EFEM - PickAndPlace
2021-10-15 10:44:40,435 [INFO ] EFEM - LLRotate
2021-10-15 10:44:40,814 [INFO ] EFEM - PlaceUpWaferLL
2021-10-15 10:44:40,817 [INFO ] EFEM - PlaceATMtoLL
2021-10-15 10:44:41,217 [INFO ] EFEM - MoveWaferLPM2
2021-10-15 10:44:41,346 [INFO ] EFEM - PickWaferLPM2
2021-10-15 10:44:41,651 [INFO ] EFEM - MoveLPM2toAlg
2021-10-15 10:44:41,779 [INFO ] EFEM - PickAndPlace
2021-10-15 10:44:42,234 [INFO ] EFEM - LLRotate
2021-10-15 10:44:42,613 [INFO ] EFEM - PlaceUpWaferLL
2021-10-15 10:44:42,616 [INFO ] EFEM - PlaceATMtoLL
2021-10-15 10:44:43,017 [INFO ] EFEM - MoveWaferLPM2
2021-10-15 10:44:43,146 [INFO ] EFEM - PickWaferLPM2
2021-10-15 10:44:43,450 [INFO ] EFEM - MoveLPM2toAlg
2021-10-15 10:44:43,576 [INFO ] EFEM - PickAndPlace
2021-10-15 10:44:44,033 [INFO ] EFEM - LLRotate
2021-10-15 10:44:44,412 [INFO ] EFEM - PlaceUpWaferLL
2021-10-15 10:44:44,418 [INFO ] EFEM - PlaceATMtoLL
2021-10-15 10:44:44,831 [INFO ] EFEM - MoveWaferLPM2
2021-10-15 10:44:44,957 [INFO ] EFEM - PickWaferLPM2
2021-10-15 10:44:45,268 [INFO ] EFEM - MoveLPM2toAlg
2021-10-15 10:44:45,397 [INFO ] EFEM - PickAndPlace
2021-10-15 10:44:45,852 [INFO ] EFEM - LLRotate
2021-10-15 10:44:46,230 [INFO ] EFEM - PlaceUpWaferLL
2021-10-15 10:44:46,233 [INFO ] EFEM - PlaceATMtoLL
2021-10-15 10:44:46,642 [INFO ] EFEM - MoveWaferLPM2
2021-10-15 10:44:46,770 [INFO ] EFEM - PickWaferLPM2
2021-10-15 10:44:47,074 [INFO ] EFEM - MoveLPM2toAlg
2021-10-15 10:44:47,208 [INFO ] EFEM - PickAndPlace
2021-10-15 10:44:47,664 [INFO ] EFEM - LLRotate
2021-10-15 10:44:48,042 [INFO ] EFEM - PlaceUpWaferLL
2021-10-15 10:44:48,048 [INFO ] EFEM - PlaceATMtoLL
2021-10-15 10:44:48,448 [INFO ] EFEM - MoveWaferLPM2
2021-10-15 10:44:48,579 [INFO ] EFEM - PickWaferLPM2
2021-10-15 10:44:48,885 [INFO ] EFEM - MoveLPM2toAlg
2021-10-15 10:44:49,012 [INFO ] EFEM - PickAndPlace
2021-10-15 10:44:49,467 [INFO ] EFEM - LLRotate
2021-10-15 10:44:49,845 [INFO ] EFEM - PlaceUpWaferLL
2021-10-15 10:44:49,846 [INFO ] EFEM - PlaceATMtoLL
2021-10-15 10:44:51,255 [INFO ] EFEM - PickLLtoATM
2021-10-15 10:44:51,959 [INFO ] EFEM - Total
2021-10-15 10:44:51,981 [INFO ] EFEM - PickLLtoATM
2021-10-15 10:44:52,684 [INFO ] EFEM - Total
2021-10-15 10:44:52,709 [INFO ] EFEM - PickLLtoATM
2021-10-15 10:44:53,411 [INFO ] EFEM - Total
2021-10-15 10:44:54,442 [INFO ] EFEM - PickLLtoATM
2021-10-15 10:44:55,148 [INFO ] EFEM - Total
2021-10-15 10:44:55,180 [INFO ] EFEM - PickLLtoATM
2021-10-15 10:44:55,886 [INFO ] EFEM - Total
2021-10-15 10:44:55,915 [INFO ] EFEM - PickLLtoATM
2021-10-15 10:44:56,620 [INFO ] EFEM - Total
2021-10-15 10:44:56,665 [INFO ] EFEM - MoveWaferLPM2
2021-10-15 10:44:56,793 [INFO ] EFEM - PickWaferLPM2
2021-10-15 10:44:57,097 [INFO ] EFEM - MoveLPM2toAlg
2021-10-15 10:44:57,225 [INFO ] EFEM - PickAndPlace
2021-10-15 10:44:57,679 [INFO ] EFEM - LLRotate
2021-10-15 10:44:58,057 [INFO ] EFEM - PlaceUpWaferLL
2021-10-15 10:44:58,060 [INFO ] EFEM - PlaceATMtoLL
2021-10-15 10:44:58,459 [INFO ] EFEM - MoveWaferLPM2
2021-10-15 10:44:58,585 [INFO ] EFEM - PickWaferLPM2
2021-10-15 10:44:58,889 [INFO ] EFEM - MoveLPM2toAlg
2021-10-15 10:44:59,016 [INFO ] EFEM - PickAndPlace
2021-10-15 10:44:59,473 [INFO ] EFEM - LLRotate
2021-10-15 10:44:59,851 [INFO ] EFEM - PlaceUpWaferLL
2021-10-15 10:44:59,853 [INFO ] EFEM - PlaceATMtoLL
