2021-10-22 09:27:47,176 [INFO ] EFEM - FirstPickWafertoAlg
2021-10-22 09:27:47,745 [INFO ] EFEM - FirstPlaceWafer
2021-10-22 09:27:48,004 [INFO ] EFEM - FirstMoveLPM1
2021-10-22 09:27:48,132 [INFO ] EFEM - PickWaferLPM1
2021-10-22 09:27:48,435 [INFO ] EFEM - MoveLPM1toAlg
2021-10-22 09:27:48,563 [INFO ] EFEM - PickAndPlace
2021-10-22 09:27:49,017 [INFO ] EFEM - LLRotate
2021-10-22 09:27:49,396 [INFO ] EFEM - PlaceUpWaferLL
2021-10-22 09:27:49,848 [INFO ] EFEM - PlaceATMtoLL
2021-10-22 09:27:49,850 [INFO ] EFEM - CenterMoveLPM1
2021-10-22 09:27:50,122 [INFO ] EFEM - PickWaferLPM1
2021-10-22 09:27:50,427 [INFO ] EFEM - MoveLPM1toAlg
2021-10-22 09:27:50,554 [INFO ] EFEM - PickAndPlace
2021-10-22 09:27:51,009 [INFO ] EFEM - LLRotate
2021-10-22 09:27:51,392 [INFO ] EFEM - PlaceUpWaferLL
2021-10-22 09:27:51,849 [INFO ] EFEM - PlaceATMtoLL
2021-10-22 09:27:51,852 [INFO ] EFEM - CenterMoveLPM1
2021-10-22 09:27:52,124 [INFO ] EFEM - PickWaferLPM1
2021-10-22 09:27:52,427 [INFO ] EFEM - MoveLPM1toAlg
2021-10-22 09:27:52,554 [INFO ] EFEM - PickAndPlace
2021-10-22 09:27:53,010 [INFO ] EFEM - LLRotate
2021-10-22 09:27:53,387 [INFO ] EFEM - PlaceUpWaferLL
2021-10-22 09:27:53,839 [INFO ] EFEM - PlaceATMtoLL
2021-10-22 09:27:53,844 [INFO ] EFEM - CenterMoveLPM1
2021-10-22 09:27:54,120 [INFO ] EFEM - PickWaferLPM1
2021-10-22 09:27:54,422 [INFO ] EFEM - MoveLPM1toAlg
2021-10-22 09:27:54,549 [INFO ] EFEM - PickAndPlace
2021-10-22 09:27:55,007 [INFO ] EFEM - LLRotate
2021-10-22 09:27:55,387 [INFO ] EFEM - PlaceUpWaferLL
2021-10-22 09:27:55,838 [INFO ] EFEM - PlaceATMtoLL
2021-10-22 09:27:55,840 [INFO ] EFEM - CenterMoveLPM1
2021-10-22 09:27:56,113 [INFO ] EFEM - PickWaferLPM1
2021-10-22 09:27:56,417 [INFO ] EFEM - MoveLPM1toAlg
2021-10-22 09:27:56,544 [INFO ] EFEM - PickAndPlace
2021-10-22 09:27:57,000 [INFO ] EFEM - LLRotate
2021-10-22 09:27:57,377 [INFO ] EFEM - PlaceUpWaferLL
2021-10-22 09:27:57,829 [INFO ] EFEM - PlaceATMtoLL
2021-10-22 09:27:57,831 [INFO ] EFEM - CenterMoveLPM1
2021-10-22 09:27:58,109 [INFO ] EFEM - PickWaferLPM1
2021-10-22 09:27:58,412 [INFO ] EFEM - MoveLPM1toAlg
2021-10-22 09:27:58,540 [INFO ] EFEM - PickAndPlace
2021-10-22 09:27:58,995 [INFO ] EFEM - LLRotate
2021-10-22 09:27:59,373 [INFO ] EFEM - PlaceUpWaferLL
2021-10-22 09:27:59,824 [INFO ] EFEM - PlaceATMtoLL
2021-10-22 09:27:59,826 [INFO ] EFEM - CenterMoveLPM1
