  AddressBookList.c
C:\Users\bit34-4\bit391\20210506\20210506\AddressBookList.c(26,8): warning C4013: 'system'이(가) 정의되지 않았습니다. extern은 int형을 반환하는 것으로 간주합니다.
C:\Users\bit34-4\bit391\20210506\20210506\AddressBookList.c(43,30): warning C4013: 'malloc'이(가) 정의되지 않았습니다. extern은 int형을 반환하는 것으로 간주합니다.
C:\Users\bit34-4\bit391\20210506\20210506\AddressBookList.c(44,8): warning C4013: 'memset'이(가) 정의되지 않았습니다. extern은 int형을 반환하는 것으로 간주합니다.
C:\Users\bit34-4\bit391\20210506\20210506\AddressBookList.c(57,25): warning C4133: '=': 'USERDATA *'과(와) 'USERDATA *' 사이의 형식이 호환되지 않습니다.
C:\Users\bit34-4\bit391\20210506\20210506\AddressBookList.c(68,19): warning C4133: '=': 'USERDATA *'과(와) 'USERDATA *' 사이의 형식이 호환되지 않습니다.
C:\Users\bit34-4\bit391\20210506\20210506\AddressBookList.c(72,13): warning C4013: 'strcmp'이(가) 정의되지 않았습니다. extern은 int형을 반환하는 것으로 간주합니다.
C:\Users\bit34-4\bit391\20210506\20210506\AddressBookList.c(78,9): warning C4013: 'getch'이(가) 정의되지 않았습니다. extern은 int형을 반환하는 것으로 간주합니다.
C:\Users\bit34-4\bit391\20210506\20210506\AddressBookList.c(91,17): warning C4133: '=': 'USERDATA *'과(와) 'USERDATA *' 사이의 형식이 호환되지 않습니다.
C:\Users\bit34-4\bit391\20210506\20210506\AddressBookList.c(111,21): warning C4133: '=': 'USERDATA *'과(와) 'USERDATA *' 사이의 형식이 호환되지 않습니다.
C:\Users\bit34-4\bit391\20210506\20210506\AddressBookList.c(99,1): warning C4133: '초기화 중': 'USERDATA *'과(와) 'USERDATA *' 사이의 형식이 호환되지 않습니다.
C:\Users\bit34-4\bit391\20210506\20210506\AddressBookList.c(128,22): warning C4133: '=': 'USERDATA *'과(와) 'USERDATA *' 사이의 형식이 호환되지 않습니다.
C:\Users\bit34-4\bit391\20210506\20210506\AddressBookList.c(129,22): warning C4133: '=': 'USERDATA *'과(와) 'USERDATA *' 사이의 형식이 호환되지 않습니다.
C:\Users\bit34-4\bit391\20210506\20210506\AddressBookList.c(139,8): warning C4013: 'free'이(가) 정의되지 않았습니다. extern은 int형을 반환하는 것으로 간주합니다.
C:\Users\bit34-4\bit391\20210506\20210506\AddressBookList.c(148,23): warning C4133: '=': 'USERDATA *'과(와) 'USERDATA *' 사이의 형식이 호환되지 않습니다.
C:\Users\bit34-4\bit391\20210506\20210506\AddressBookList.c(171,53): warning C4047: '!=': 'size_t'의 간접 참조 수준이 'void *'과(와) 다릅니다.
C:\Users\bit34-4\bit391\20210506\20210506\AddressBookList.c(172,18): warning C4133: '=': 'USERDATA *'과(와) 'USERDATA *' 사이의 형식이 호환되지 않습니다.
C:\Users\bit34-4\bit391\20210506\20210506\AddressBookList.c(157,1): warning C4133: '초기화 중': 'USERDATA *'과(와) 'USERDATA *' 사이의 형식이 호환되지 않습니다.
C:\Users\bit34-4\bit391\20210506\20210506\AddressBookList.c(158,12): warning C4101: 'last' :참조되지 않은 지역 변수입니다.
C:\Users\bit34-4\bit391\20210506\20210506\AddressBookList.c(198,54): warning C4047: '!=': 'size_t'의 간접 참조 수준이 'void *'과(와) 다릅니다.
C:\Users\bit34-4\bit391\20210506\20210506\AddressBookList.c(199,17): warning C4133: '=': 'USERDATA *'과(와) 'USERDATA *' 사이의 형식이 호환되지 않습니다.
C:\Users\bit34-4\bit391\20210506\20210506\AddressBookList.c(184,1): warning C4133: '초기화 중': 'USERDATA *'과(와) 'USERDATA *' 사이의 형식이 호환되지 않습니다.
  20210506.vcxproj -> C:\Users\bit34-4\bit391\20210506\Debug\20210506.exe
